#
# There is insufficient memory for the Java Runtime Environment to continue.
# Native memory allocation (malloc) failed to allocate 32744 bytes for ChunkPool::allocate
# Possible reasons:
#   The system is out of physical RAM or swap space
#   The process is running with CompressedOops enabled, and the Java Heap may be blocking the growth of the native heap
# Possible solutions:
#   Reduce memory load on the system
#   Increase physical memory or swap space
#   Check if swap backing store is full
#   Decrease Java heap size (-Xmx/-Xms)
#   Decrease number of Java threads
#   Decrease Java thread stack sizes (-Xss)
#   Set larger code cache with -XX:ReservedCodeCacheSize=
#   JVM is running with Unscaled Compressed Oops mode in which the Java heap is
#     placed in the first 4GB address space. The Java Heap base address is the
#     maximum limit for the native heap growth. Please use -XX:HeapBaseMinAddress
#     to set the Java Heap base and to place the Java Heap above 4GB virtual address.
# This output file may be truncated or incomplete.
#
#  Out of Memory Error (t:/workspace/open/src/hotspot/share/memory/arena.cpp:81), pid=7680, tid=8104
#
# JRE version: Java(TM) SE Runtime Environment (11.0.5+10) (build 11.0.5+10-LTS)
# Java VM: Java HotSpot(TM) 64-Bit Server VM (11.0.5+10-LTS, mixed mode, tiered, compressed oops, g1 gc, windows-amd64)
# No core dump will be written. Minidumps are not enabled by default on client versions of Windows
#

---------------  S U M M A R Y ------------

Command Line: -agentlib:jdwp=transport=dt_socket,suspend=y,address=localhost:55650 -javaagent:C:\Program Files\sts-4.5.0\configuration\org.eclipse.osgi\818\0\.cp\lib\javaagent-shaded.jar -Dfile.encoding=UTF-8 com.silvio.plataforma.PlataformaVendaCarrosApplication

Host: Intel(R) Core(TM) i3-2310M CPU @ 2.10GHz, 4 cores, 7G,  Windows 7 , 64 bit Build 7601 (6.1.7601.24545)
Time: Thu Jul 30 14:24:43 2020 Hora oficial do Brasil elapsed time: 14 seconds (0d 0h 0m 14s)

---------------  T H R E A D  ---------------

Current thread (0x0000000063eda000):  JavaThread "C2 CompilerThread1" daemon [_thread_in_native, id=8104, stack(0x0000000063950000,0x0000000063a50000)]


Current CompileTask:
C2:  14249 4223 %     4       org.eclipse.jdt.launching.internal.org.objectweb.asm.ClassReader::readCode @ 2015 (5089 bytes)

Stack: [0x0000000063950000,0x0000000063a50000]
Native frames: (J=compiled Java code, j=interpreted, Vv=VM code, C=native code)
V  [jvm.dll+0x63611a]
V  [jvm.dll+0x77426f]
V  [jvm.dll+0x77591a]
V  [jvm.dll+0x775fd3]
V  [jvm.dll+0x25e608]
V  [jvm.dll+0xc215b]
V  [jvm.dll+0xc24bc]
V  [jvm.dll+0x372615]
V  [jvm.dll+0x36c317]
V  [jvm.dll+0x1a9735]
V  [jvm.dll+0x218592]
V  [jvm.dll+0x21762a]
V  [jvm.dll+0x1941bc]
V  [jvm.dll+0x226684]
V  [jvm.dll+0x224c78]
V  [jvm.dll+0x7396cd]
V  [jvm.dll+0x6351c2]
C  [ucrtbase.DLL+0x1d885]
C  [kernel32.dll+0x1556d]
C  [ntdll.dll+0x5372d]


---------------  P R O C E S S  ---------------

Threads class SMR info:
_java_thread_list=0x000000006b0988e0, length=19, elements={
0x00000000002e9800, 0x000000006229b000, 0x000000006229c000, 0x00000000622ee800,
0x00000000622f1800, 0x00000000622f2800, 0x00000000622f8000, 0x00000000622fb800,
0x000000002159b000, 0x0000000062f9b000, 0x0000000062dee800, 0x0000000062def800,
0x0000000064013000, 0x000000006506f000, 0x0000000064f69000, 0x0000000063eda000,
0x0000000065410000, 0x0000000065410800, 0x0000000065411800
}

Java Threads: ( => current thread )
  0x00000000002e9800 JavaThread "main" [_thread_blocked, id=8692, stack(0x00000000021d0000,0x00000000022d0000)]
  0x000000006229b000 JavaThread "Reference Handler" daemon [_thread_blocked, id=3396, stack(0x0000000062530000,0x0000000062630000)]
  0x000000006229c000 JavaThread "Finalizer" daemon [_thread_blocked, id=8988, stack(0x00000000626a0000,0x00000000627a0000)]
  0x00000000622ee800 JavaThread "Signal Dispatcher" daemon [_thread_blocked, id=5404, stack(0x0000000062820000,0x0000000062920000)]
  0x00000000622f1800 JavaThread "Attach Listener" daemon [_thread_blocked, id=7924, stack(0x0000000062a40000,0x0000000062b40000)]
  0x00000000622f2800 JavaThread "C2 CompilerThread0" daemon [_thread_in_native, id=8784, stack(0x0000000021630000,0x0000000021730000)]
  0x00000000622f8000 JavaThread "C1 CompilerThread0" daemon [_thread_in_vm, id=5424, stack(0x0000000062930000,0x0000000062a30000)]
  0x00000000622fb800 JavaThread "Sweeper thread" daemon [_thread_blocked, id=8484, stack(0x0000000062b70000,0x0000000062c70000)]
  0x000000002159b000 JavaThread "Common-Cleaner" daemon [_thread_blocked, id=6700, stack(0x0000000063220000,0x0000000063320000)]
  0x0000000062f9b000 JavaThread "JDWP Transport Listener: dt_socket" daemon [_thread_blocked, id=2960, stack(0x0000000063760000,0x0000000063860000)]
  0x0000000062dee800 JavaThread "JDWP Event Helper Thread" daemon [_thread_blocked, id=5872, stack(0x0000000063090000,0x0000000063190000)]
  0x0000000062def800 JavaThread "JDWP Command Reader" daemon [_thread_in_native, id=8168, stack(0x0000000063a70000,0x0000000063b70000)]
  0x0000000064013000 JavaThread "Service Thread" daemon [_thread_blocked, id=8396, stack(0x00000000635c0000,0x00000000636c0000)]
  0x000000006506f000 JavaThread "Thread-0" [_thread_blocked, id=7952, stack(0x0000000066040000,0x0000000066140000)]
  0x0000000064f69000 JavaThread "restartedMain" [_thread_in_vm, id=7844, stack(0x0000000065f00000,0x0000000066000000)]
=>0x0000000063eda000 JavaThread "C2 CompilerThread1" daemon [_thread_in_native, id=8104, stack(0x0000000063950000,0x0000000063a50000)]
  0x0000000065410000 JavaThread "Catalina-utility-1" [_thread_blocked, id=8664, stack(0x000000006a820000,0x000000006a920000)]
  0x0000000065410800 JavaThread "Catalina-utility-2" [_thread_blocked, id=6876, stack(0x000000006a250000,0x000000006a350000)]
  0x0000000065411800 JavaThread "container-0" [_thread_blocked, id=8328, stack(0x000000006d7d0000,0x000000006d8d0000)]

Other Threads:
  0x0000000062298800 VMThread "VM Thread" [stack: 0x00000000623d0000,0x00000000624d0000] [id=7336]
  0x0000000063dea800 WatcherThread [stack: 0x0000000064400000,0x0000000064500000] [id=8136]
  0x00000000002ff000 GCTaskThread "GC Thread#0" [stack: 0x0000000019cf0000,0x0000000019df0000] [id=6900]
  0x0000000063f72000 GCTaskThread "GC Thread#1" [stack: 0x00000000648d0000,0x00000000649d0000] [id=8432]
  0x0000000063fb7000 GCTaskThread "GC Thread#2" [stack: 0x00000000647d0000,0x00000000648d0000] [id=7676]
  0x000000006529d800 GCTaskThread "GC Thread#3" [stack: 0x0000000066660000,0x0000000066760000] [id=9088]
  0x0000000000331800 ConcurrentGCThread "G1 Main Marker" [stack: 0x000000001ed90000,0x000000001ee90000] [id=1696]
  0x0000000000332800 ConcurrentGCThread "G1 Conc#0" [stack: 0x000000001ef60000,0x000000001f060000] [id=2648]
  0x000000002150f000 ConcurrentGCThread "G1 Refine#0" [stack: 0x0000000021730000,0x0000000021830000] [id=960]
  0x0000000021510000 ConcurrentGCThread "G1 Young RemSet Sampling" [stack: 0x0000000021880000,0x0000000021980000] [id=5800]

Threads with active compile tasks:
C2 CompilerThread04169       4       org.eclipse.jdt.launching.internal.org.objectweb.asm.ClassReader::readField (667 bytes)
C1 CompilerThread04468       2       org.springframework.util.ReflectionUtils$$Lambda$396/0x0000000021d98040::get$Lambda (9 bytes)
C2 CompilerThread14223 %     4       org.eclipse.jdt.launching.internal.org.objectweb.asm.ClassReader::readCode @ 2015 (5089 bytes)

VM state:synchronizing (normal execution)

VM Mutex/Monitor currently owned by a thread:  ([mutex/lock_event])
[0x00000000002e6790] Threads_lock - owner thread: 0x0000000062298800

Heap address: 0x0000000080c00000, size: 2036 MB, Compressed Oops mode: 32-bit
Narrow klass base: 0x0000000000000000, Narrow klass shift: 0
Compressed class space size: 1073741824 Address: 0x0000000021980000

Heap:
 garbage-first heap   total 189440K, used 99914K [0x0000000080c00000, 0x0000000100000000)
  region size 1024K, 92 young (94208K), 9 survivors (9216K)
 Metaspace       used 40817K, capacity 41933K, committed 42192K, reserved 1087488K
  class space    used 4652K, capacity 5099K, committed 5116K, reserved 1048576K
Heap Regions: E=young(eden), S=young(survivor), O=old, HS=humongous(starts), HC=humongous(continues), CS=collection set, F=free, A=archive, TAMS=top-at-mark-start (previous, next)
|   0|0x0000000080c00000, 0x0000000080d00000, 0x0000000080d00000|100%|HS|  |TAMS 0x0000000080d00000, 0x0000000080c00000| Complete 
|   1|0x0000000080d00000, 0x0000000080e00000, 0x0000000080e00000|100%| O|  |TAMS 0x0000000080e00000, 0x0000000080d00000| Untracked 
|   2|0x0000000080e00000, 0x0000000080f00000, 0x0000000080f00000|100%| O|  |TAMS 0x0000000080f00000, 0x0000000080e00000| Untracked 
|   3|0x0000000080f00000, 0x0000000081000000, 0x0000000081000000|100%| O|  |TAMS 0x0000000081000000, 0x0000000080f00000| Untracked 
|   4|0x0000000081000000, 0x0000000081100000, 0x0000000081100000|100%| O|  |TAMS 0x0000000081100000, 0x0000000081000000| Untracked 
|   5|0x0000000081100000, 0x0000000081200000, 0x0000000081200000|100%| O|  |TAMS 0x0000000081184800, 0x0000000081100000| Untracked 
|   6|0x0000000081200000, 0x0000000081300000, 0x0000000081300000|100%| O|  |TAMS 0x0000000081200000, 0x0000000081200000| Untracked 
|   7|0x0000000081300000, 0x00000000813d2000, 0x0000000081400000| 82%| O|  |TAMS 0x0000000081300000, 0x0000000081300000| Untracked 
|   8|0x0000000081400000, 0x0000000081400000, 0x0000000081500000|  0%| F|  |TAMS 0x0000000081400000, 0x0000000081400000| Untracked 
|   9|0x0000000081500000, 0x0000000081500000, 0x0000000081600000|  0%| F|  |TAMS 0x0000000081500000, 0x0000000081500000| Untracked 
|  10|0x0000000081600000, 0x0000000081600000, 0x0000000081700000|  0%| F|  |TAMS 0x0000000081600000, 0x0000000081600000| Untracked 
|  11|0x0000000081700000, 0x0000000081700000, 0x0000000081800000|  0%| F|  |TAMS 0x0000000081700000, 0x0000000081700000| Untracked 
|  12|0x0000000081800000, 0x0000000081800000, 0x0000000081900000|  0%| F|  |TAMS 0x0000000081800000, 0x0000000081800000| Untracked 
|  13|0x0000000081900000, 0x0000000081900000, 0x0000000081a00000|  0%| F|  |TAMS 0x0000000081900000, 0x0000000081900000| Untracked 
|  14|0x0000000081a00000, 0x0000000081a00000, 0x0000000081b00000|  0%| F|  |TAMS 0x0000000081a00000, 0x0000000081a00000| Untracked 
|  15|0x0000000081b00000, 0x0000000081b00000, 0x0000000081c00000|  0%| F|  |TAMS 0x0000000081b00000, 0x0000000081b00000| Untracked 
|  16|0x0000000081c00000, 0x0000000081c00000, 0x0000000081d00000|  0%| F|  |TAMS 0x0000000081c00000, 0x0000000081c00000| Untracked 
|  17|0x0000000081d00000, 0x0000000081d00000, 0x0000000081e00000|  0%| F|  |TAMS 0x0000000081d00000, 0x0000000081d00000| Untracked 
|  18|0x0000000081e00000, 0x0000000081e00000, 0x0000000081f00000|  0%| F|  |TAMS 0x0000000081e00000, 0x0000000081e00000| Untracked 
|  19|0x0000000081f00000, 0x0000000081f00000, 0x0000000082000000|  0%| F|  |TAMS 0x0000000081f00000, 0x0000000081f00000| Untracked 
|  20|0x0000000082000000, 0x0000000082000000, 0x0000000082100000|  0%| F|  |TAMS 0x0000000082000000, 0x0000000082000000| Untracked 
|  21|0x0000000082100000, 0x0000000082100000, 0x0000000082200000|  0%| F|  |TAMS 0x0000000082100000, 0x0000000082100000| Untracked 
|  22|0x0000000082200000, 0x0000000082200000, 0x0000000082300000|  0%| F|  |TAMS 0x0000000082200000, 0x0000000082200000| Untracked 
|  23|0x0000000082300000, 0x0000000082300000, 0x0000000082400000|  0%| F|  |TAMS 0x0000000082300000, 0x0000000082300000| Untracked 
|  24|0x0000000082400000, 0x0000000082400000, 0x0000000082500000|  0%| F|  |TAMS 0x0000000082400000, 0x0000000082400000| Untracked 
|  25|0x0000000082500000, 0x0000000082500000, 0x0000000082600000|  0%| F|  |TAMS 0x0000000082500000, 0x0000000082500000| Untracked 
|  26|0x0000000082600000, 0x0000000082600000, 0x0000000082700000|  0%| F|  |TAMS 0x0000000082600000, 0x0000000082600000| Untracked 
|  27|0x0000000082700000, 0x0000000082700000, 0x0000000082800000|  0%| F|  |TAMS 0x0000000082700000, 0x0000000082700000| Untracked 
|  28|0x0000000082800000, 0x0000000082800000, 0x0000000082900000|  0%| F|  |TAMS 0x0000000082800000, 0x0000000082800000| Untracked 
|  29|0x0000000082900000, 0x0000000082900000, 0x0000000082a00000|  0%| F|  |TAMS 0x0000000082900000, 0x0000000082900000| Untracked 
|  30|0x0000000082a00000, 0x0000000082a00000, 0x0000000082b00000|  0%| F|  |TAMS 0x0000000082a00000, 0x0000000082a00000| Untracked 
|  31|0x0000000082b00000, 0x0000000082b00000, 0x0000000082c00000|  0%| F|  |TAMS 0x0000000082b00000, 0x0000000082b00000| Untracked 
|  32|0x0000000082c00000, 0x0000000082c00000, 0x0000000082d00000|  0%| F|  |TAMS 0x0000000082c00000, 0x0000000082c00000| Untracked 
|  33|0x0000000082d00000, 0x0000000082d00000, 0x0000000082e00000|  0%| F|  |TAMS 0x0000000082d00000, 0x0000000082d00000| Untracked 
|  34|0x0000000082e00000, 0x0000000082e00000, 0x0000000082f00000|  0%| F|  |TAMS 0x0000000082e00000, 0x0000000082e00000| Untracked 
|  35|0x0000000082f00000, 0x0000000082f00000, 0x0000000083000000|  0%| F|  |TAMS 0x0000000082f00000, 0x0000000082f00000| Untracked 
|  36|0x0000000083000000, 0x0000000083000000, 0x0000000083100000|  0%| F|  |TAMS 0x0000000083000000, 0x0000000083000000| Untracked 
|  37|0x0000000083100000, 0x0000000083100000, 0x0000000083200000|  0%| F|  |TAMS 0x0000000083100000, 0x0000000083100000| Untracked 
|  38|0x0000000083200000, 0x0000000083200000, 0x0000000083300000|  0%| F|  |TAMS 0x0000000083200000, 0x0000000083200000| Untracked 
|  39|0x0000000083300000, 0x0000000083300000, 0x0000000083400000|  0%| F|  |TAMS 0x0000000083300000, 0x0000000083300000| Untracked 
|  40|0x0000000083400000, 0x0000000083400000, 0x0000000083500000|  0%| F|  |TAMS 0x0000000083400000, 0x0000000083400000| Untracked 
|  41|0x0000000083500000, 0x0000000083500000, 0x0000000083600000|  0%| F|  |TAMS 0x0000000083500000, 0x0000000083500000| Untracked 
|  42|0x0000000083600000, 0x0000000083600000, 0x0000000083700000|  0%| F|  |TAMS 0x0000000083600000, 0x0000000083600000| Untracked 
|  43|0x0000000083700000, 0x0000000083700000, 0x0000000083800000|  0%| F|  |TAMS 0x0000000083700000, 0x0000000083700000| Untracked 
|  44|0x0000000083800000, 0x0000000083800000, 0x0000000083900000|  0%| F|  |TAMS 0x0000000083800000, 0x0000000083800000| Untracked 
|  45|0x0000000083900000, 0x0000000083900000, 0x0000000083a00000|  0%| F|  |TAMS 0x0000000083900000, 0x0000000083900000| Untracked 
|  46|0x0000000083a00000, 0x0000000083a00000, 0x0000000083b00000|  0%| F|  |TAMS 0x0000000083a00000, 0x0000000083a00000| Untracked 
|  47|0x0000000083b00000, 0x0000000083b00000, 0x0000000083c00000|  0%| F|  |TAMS 0x0000000083b00000, 0x0000000083b00000| Untracked 
|  48|0x0000000083c00000, 0x0000000083c00000, 0x0000000083d00000|  0%| F|  |TAMS 0x0000000083c00000, 0x0000000083c00000| Untracked 
|  49|0x0000000083d00000, 0x0000000083d00000, 0x0000000083e00000|  0%| F|  |TAMS 0x0000000083d00000, 0x0000000083d00000| Untracked 
|  50|0x0000000083e00000, 0x0000000083e00000, 0x0000000083f00000|  0%| F|  |TAMS 0x0000000083e00000, 0x0000000083e00000| Untracked 
|  51|0x0000000083f00000, 0x0000000083f00000, 0x0000000084000000|  0%| F|  |TAMS 0x0000000083f00000, 0x0000000083f00000| Untracked 
|  52|0x0000000084000000, 0x0000000084000000, 0x0000000084100000|  0%| F|  |TAMS 0x0000000084000000, 0x0000000084000000| Untracked 
|  53|0x0000000084100000, 0x00000000841c09e0, 0x0000000084200000| 75%| S|CS|TAMS 0x0000000084100000, 0x0000000084100000| Complete 
|  54|0x0000000084200000, 0x0000000084300000, 0x0000000084300000|100%| S|CS|TAMS 0x0000000084200000, 0x0000000084200000| Complete 
|  55|0x0000000084300000, 0x0000000084400000, 0x0000000084400000|100%| S|CS|TAMS 0x0000000084300000, 0x0000000084300000| Complete 
|  56|0x0000000084400000, 0x0000000084500000, 0x0000000084500000|100%| S|CS|TAMS 0x0000000084400000, 0x0000000084400000| Complete 
|  57|0x0000000084500000, 0x0000000084600000, 0x0000000084600000|100%| S|CS|TAMS 0x0000000084500000, 0x0000000084500000| Complete 
|  58|0x0000000084600000, 0x0000000084700000, 0x0000000084700000|100%| S|CS|TAMS 0x0000000084600000, 0x0000000084600000| Complete 
|  59|0x0000000084700000, 0x0000000084800000, 0x0000000084800000|100%| S|CS|TAMS 0x0000000084700000, 0x0000000084700000| Complete 
|  60|0x0000000084800000, 0x0000000084900000, 0x0000000084900000|100%| S|CS|TAMS 0x0000000084800000, 0x0000000084800000| Complete 
|  61|0x0000000084900000, 0x0000000084a00000, 0x0000000084a00000|100%| S|CS|TAMS 0x0000000084900000, 0x0000000084900000| Complete 
|  62|0x0000000084a00000, 0x0000000084a00000, 0x0000000084b00000|  0%| F|  |TAMS 0x0000000084a00000, 0x0000000084a00000| Untracked 
|  63|0x0000000084b00000, 0x0000000084b00000, 0x0000000084c00000|  0%| F|  |TAMS 0x0000000084b00000, 0x0000000084b00000| Untracked 
|  64|0x0000000084c00000, 0x0000000084c00000, 0x0000000084d00000|  0%| F|  |TAMS 0x0000000084c00000, 0x0000000084c00000| Untracked 
|  65|0x0000000084d00000, 0x0000000084d00000, 0x0000000084e00000|  0%| F|  |TAMS 0x0000000084d00000, 0x0000000084d00000| Untracked 
|  66|0x0000000084e00000, 0x0000000084e00000, 0x0000000084f00000|  0%| F|  |TAMS 0x0000000084e00000, 0x0000000084e00000| Untracked 
|  67|0x0000000084f00000, 0x0000000084f00000, 0x0000000085000000|  0%| F|  |TAMS 0x0000000084f00000, 0x0000000084f00000| Untracked 
|  68|0x0000000085000000, 0x0000000085000000, 0x0000000085100000|  0%| F|  |TAMS 0x0000000085000000, 0x0000000085000000| Untracked 
|  69|0x0000000085100000, 0x0000000085100000, 0x0000000085200000|  0%| F|  |TAMS 0x0000000085100000, 0x0000000085100000| Untracked 
|  70|0x0000000085200000, 0x0000000085200000, 0x0000000085300000|  0%| F|  |TAMS 0x0000000085200000, 0x0000000085200000| Untracked 
|  71|0x0000000085300000, 0x0000000085300000, 0x0000000085400000|  0%| F|  |TAMS 0x0000000085300000, 0x0000000085300000| Untracked 
|  72|0x0000000085400000, 0x0000000085400000, 0x0000000085500000|  0%| F|  |TAMS 0x0000000085400000, 0x0000000085400000| Untracked 
|  73|0x0000000085500000, 0x0000000085500000, 0x0000000085600000|  0%| F|  |TAMS 0x0000000085500000, 0x0000000085500000| Untracked 
|  74|0x0000000085600000, 0x0000000085600000, 0x0000000085700000|  0%| F|  |TAMS 0x0000000085600000, 0x0000000085600000| Untracked 
|  75|0x0000000085700000, 0x0000000085700000, 0x0000000085800000|  0%| F|  |TAMS 0x0000000085700000, 0x0000000085700000| Untracked 
|  76|0x0000000085800000, 0x0000000085800000, 0x0000000085900000|  0%| F|  |TAMS 0x0000000085800000, 0x0000000085800000| Untracked 
|  77|0x0000000085900000, 0x0000000085900000, 0x0000000085a00000|  0%| F|  |TAMS 0x0000000085900000, 0x0000000085900000| Untracked 
|  78|0x0000000085a00000, 0x0000000085a00000, 0x0000000085b00000|  0%| F|  |TAMS 0x0000000085a00000, 0x0000000085a00000| Untracked 
|  79|0x0000000085b00000, 0x0000000085b00000, 0x0000000085c00000|  0%| F|  |TAMS 0x0000000085b00000, 0x0000000085b00000| Untracked 
|  80|0x0000000085c00000, 0x0000000085c00000, 0x0000000085d00000|  0%| F|  |TAMS 0x0000000085c00000, 0x0000000085c00000| Untracked 
|  81|0x0000000085d00000, 0x0000000085d00000, 0x0000000085e00000|  0%| F|  |TAMS 0x0000000085d00000, 0x0000000085d00000| Untracked 
|  82|0x0000000085e00000, 0x0000000085e00000, 0x0000000085f00000|  0%| F|  |TAMS 0x0000000085e00000, 0x0000000085e00000| Untracked 
|  83|0x0000000085f00000, 0x0000000085f00000, 0x0000000086000000|  0%| F|  |TAMS 0x0000000085f00000, 0x0000000085f00000| Untracked 
|  84|0x0000000086000000, 0x0000000086000000, 0x0000000086100000|  0%| F|  |TAMS 0x0000000086000000, 0x0000000086000000| Untracked 
|  85|0x0000000086100000, 0x0000000086100000, 0x0000000086200000|  0%| F|  |TAMS 0x0000000086100000, 0x0000000086100000| Untracked 
|  86|0x0000000086200000, 0x0000000086200000, 0x0000000086300000|  0%| F|  |TAMS 0x0000000086200000, 0x0000000086200000| Untracked 
|  87|0x0000000086300000, 0x0000000086300000, 0x0000000086400000|  0%| F|  |TAMS 0x0000000086300000, 0x0000000086300000| Untracked 
|  88|0x0000000086400000, 0x0000000086400000, 0x0000000086500000|  0%| F|  |TAMS 0x0000000086400000, 0x0000000086400000| Untracked 
|  89|0x0000000086500000, 0x0000000086500000, 0x0000000086600000|  0%| F|  |TAMS 0x0000000086500000, 0x0000000086500000| Untracked 
|  90|0x0000000086600000, 0x0000000086600000, 0x0000000086700000|  0%| F|  |TAMS 0x0000000086600000, 0x0000000086600000| Untracked 
|  91|0x0000000086700000, 0x0000000086700000, 0x0000000086800000|  0%| F|  |TAMS 0x0000000086700000, 0x0000000086700000| Untracked 
|  92|0x0000000086800000, 0x0000000086800000, 0x0000000086900000|  0%| F|  |TAMS 0x0000000086800000, 0x0000000086800000| Untracked 
|  93|0x0000000086900000, 0x0000000086900000, 0x0000000086a00000|  0%| F|  |TAMS 0x0000000086900000, 0x0000000086900000| Untracked 
|  94|0x0000000086a00000, 0x0000000086a00000, 0x0000000086b00000|  0%| F|  |TAMS 0x0000000086a00000, 0x0000000086a00000| Untracked 
|  95|0x0000000086b00000, 0x0000000086b00000, 0x0000000086c00000|  0%| F|  |TAMS 0x0000000086b00000, 0x0000000086b00000| Untracked 
|  96|0x0000000086c00000, 0x0000000086c00000, 0x0000000086d00000|  0%| F|  |TAMS 0x0000000086c00000, 0x0000000086c00000| Untracked 
|  97|0x0000000086d00000, 0x0000000086d00000, 0x0000000086e00000|  0%| F|  |TAMS 0x0000000086d00000, 0x0000000086d00000| Untracked 
|  98|0x0000000086e00000, 0x0000000086e00000, 0x0000000086f00000|  0%| F|  |TAMS 0x0000000086e00000, 0x0000000086e00000| Untracked 
|  99|0x0000000086f00000, 0x0000000086f00000, 0x0000000087000000|  0%| F|  |TAMS 0x0000000086f00000, 0x0000000086f00000| Untracked 
| 100|0x0000000087000000, 0x0000000087000000, 0x0000000087100000|  0%| F|  |TAMS 0x0000000087000000, 0x0000000087000000| Untracked 
| 101|0x0000000087100000, 0x0000000087100000, 0x0000000087200000|  0%| F|  |TAMS 0x0000000087100000, 0x0000000087100000| Untracked 
| 102|0x0000000087200000, 0x0000000087300000, 0x0000000087300000|100%| E|  |TAMS 0x0000000087200000, 0x0000000087200000| Complete 
| 103|0x0000000087300000, 0x0000000087400000, 0x0000000087400000|100%| E|CS|TAMS 0x0000000087300000, 0x0000000087300000| Complete 
| 104|0x0000000087400000, 0x0000000087500000, 0x0000000087500000|100%| E|CS|TAMS 0x0000000087400000, 0x0000000087400000| Complete 
| 105|0x0000000087500000, 0x0000000087600000, 0x0000000087600000|100%| E|CS|TAMS 0x0000000087500000, 0x0000000087500000| Complete 
| 106|0x0000000087600000, 0x0000000087700000, 0x0000000087700000|100%| E|CS|TAMS 0x0000000087600000, 0x0000000087600000| Complete 
| 107|0x0000000087700000, 0x0000000087800000, 0x0000000087800000|100%| E|CS|TAMS 0x0000000087700000, 0x0000000087700000| Complete 
| 108|0x0000000087800000, 0x0000000087900000, 0x0000000087900000|100%| E|CS|TAMS 0x0000000087800000, 0x0000000087800000| Complete 
| 109|0x0000000087900000, 0x0000000087a00000, 0x0000000087a00000|100%| E|CS|TAMS 0x0000000087900000, 0x0000000087900000| Complete 
| 110|0x0000000087a00000, 0x0000000087b00000, 0x0000000087b00000|100%| E|CS|TAMS 0x0000000087a00000, 0x0000000087a00000| Complete 
| 111|0x0000000087b00000, 0x0000000087c00000, 0x0000000087c00000|100%| E|CS|TAMS 0x0000000087b00000, 0x0000000087b00000| Complete 
| 112|0x0000000087c00000, 0x0000000087d00000, 0x0000000087d00000|100%| E|CS|TAMS 0x0000000087c00000, 0x0000000087c00000| Complete 
| 113|0x0000000087d00000, 0x0000000087e00000, 0x0000000087e00000|100%| E|CS|TAMS 0x0000000087d00000, 0x0000000087d00000| Complete 
| 114|0x0000000087e00000, 0x0000000087f00000, 0x0000000087f00000|100%| E|CS|TAMS 0x0000000087e00000, 0x0000000087e00000| Complete 
| 115|0x0000000087f00000, 0x0000000088000000, 0x0000000088000000|100%| E|CS|TAMS 0x0000000087f00000, 0x0000000087f00000| Complete 
| 116|0x0000000088000000, 0x0000000088100000, 0x0000000088100000|100%| E|CS|TAMS 0x0000000088000000, 0x0000000088000000| Complete 
| 117|0x0000000088100000, 0x0000000088200000, 0x0000000088200000|100%| E|CS|TAMS 0x0000000088100000, 0x0000000088100000| Complete 
| 118|0x0000000088200000, 0x0000000088300000, 0x0000000088300000|100%| E|CS|TAMS 0x0000000088200000, 0x0000000088200000| Complete 
| 119|0x0000000088300000, 0x0000000088400000, 0x0000000088400000|100%| E|CS|TAMS 0x0000000088300000, 0x0000000088300000| Complete 
| 120|0x0000000088400000, 0x0000000088500000, 0x0000000088500000|100%| E|CS|TAMS 0x0000000088400000, 0x0000000088400000| Complete 
| 121|0x0000000088500000, 0x0000000088600000, 0x0000000088600000|100%| E|CS|TAMS 0x0000000088500000, 0x0000000088500000| Complete 
| 122|0x0000000088600000, 0x0000000088700000, 0x0000000088700000|100%| E|CS|TAMS 0x0000000088600000, 0x0000000088600000| Complete 
| 123|0x0000000088700000, 0x0000000088800000, 0x0000000088800000|100%| E|CS|TAMS 0x0000000088700000, 0x0000000088700000| Complete 
| 124|0x0000000088800000, 0x0000000088900000, 0x0000000088900000|100%| E|CS|TAMS 0x0000000088800000, 0x0000000088800000| Complete 
| 125|0x0000000088900000, 0x0000000088a00000, 0x0000000088a00000|100%| E|CS|TAMS 0x0000000088900000, 0x0000000088900000| Complete 
| 126|0x0000000088a00000, 0x0000000088b00000, 0x0000000088b00000|100%| E|CS|TAMS 0x0000000088a00000, 0x0000000088a00000| Complete 
| 127|0x0000000088b00000, 0x0000000088c00000, 0x0000000088c00000|100%| E|CS|TAMS 0x0000000088b00000, 0x0000000088b00000| Complete 
| 128|0x0000000088c00000, 0x0000000088d00000, 0x0000000088d00000|100%| E|CS|TAMS 0x0000000088c00000, 0x0000000088c00000| Complete 
| 129|0x0000000088d00000, 0x0000000088e00000, 0x0000000088e00000|100%| E|CS|TAMS 0x0000000088d00000, 0x0000000088d00000| Complete 
| 130|0x0000000088e00000, 0x0000000088f00000, 0x0000000088f00000|100%| E|CS|TAMS 0x0000000088e00000, 0x0000000088e00000| Complete 
| 131|0x0000000088f00000, 0x0000000089000000, 0x0000000089000000|100%| E|CS|TAMS 0x0000000088f00000, 0x0000000088f00000| Complete 
| 132|0x0000000089000000, 0x0000000089100000, 0x0000000089100000|100%| E|CS|TAMS 0x0000000089000000, 0x0000000089000000| Complete 
| 133|0x0000000089100000, 0x0000000089200000, 0x0000000089200000|100%| E|CS|TAMS 0x0000000089100000, 0x0000000089100000| Complete 
| 134|0x0000000089200000, 0x0000000089300000, 0x0000000089300000|100%| E|CS|TAMS 0x0000000089200000, 0x0000000089200000| Complete 
| 135|0x0000000089300000, 0x0000000089400000, 0x0000000089400000|100%| E|CS|TAMS 0x0000000089300000, 0x0000000089300000| Complete 
| 136|0x0000000089400000, 0x0000000089500000, 0x0000000089500000|100%| E|CS|TAMS 0x0000000089400000, 0x0000000089400000| Complete 
| 137|0x0000000089500000, 0x0000000089600000, 0x0000000089600000|100%| E|CS|TAMS 0x0000000089500000, 0x0000000089500000| Complete 
| 138|0x0000000089600000, 0x0000000089700000, 0x0000000089700000|100%| E|CS|TAMS 0x0000000089600000, 0x0000000089600000| Complete 
| 139|0x0000000089700000, 0x0000000089800000, 0x0000000089800000|100%| E|CS|TAMS 0x0000000089700000, 0x0000000089700000| Complete 
| 140|0x0000000089800000, 0x0000000089900000, 0x0000000089900000|100%| E|CS|TAMS 0x0000000089800000, 0x0000000089800000| Complete 
| 141|0x0000000089900000, 0x0000000089a00000, 0x0000000089a00000|100%| E|CS|TAMS 0x0000000089900000, 0x0000000089900000| Complete 
| 142|0x0000000089a00000, 0x0000000089b00000, 0x0000000089b00000|100%| E|CS|TAMS 0x0000000089a00000, 0x0000000089a00000| Complete 
| 143|0x0000000089b00000, 0x0000000089c00000, 0x0000000089c00000|100%| E|CS|TAMS 0x0000000089b00000, 0x0000000089b00000| Complete 
| 144|0x0000000089c00000, 0x0000000089d00000, 0x0000000089d00000|100%| E|CS|TAMS 0x0000000089c00000, 0x0000000089c00000| Complete 
| 145|0x0000000089d00000, 0x0000000089e00000, 0x0000000089e00000|100%| E|CS|TAMS 0x0000000089d00000, 0x0000000089d00000| Complete 
| 146|0x0000000089e00000, 0x0000000089f00000, 0x0000000089f00000|100%| E|CS|TAMS 0x0000000089e00000, 0x0000000089e00000| Complete 
| 147|0x0000000089f00000, 0x000000008a000000, 0x000000008a000000|100%| E|CS|TAMS 0x0000000089f00000, 0x0000000089f00000| Complete 
| 148|0x000000008a000000, 0x000000008a100000, 0x000000008a100000|100%| E|CS|TAMS 0x000000008a000000, 0x000000008a000000| Complete 
| 149|0x000000008a100000, 0x000000008a200000, 0x000000008a200000|100%| E|CS|TAMS 0x000000008a100000, 0x000000008a100000| Complete 
| 150|0x000000008a200000, 0x000000008a300000, 0x000000008a300000|100%| E|CS|TAMS 0x000000008a200000, 0x000000008a200000| Complete 
| 151|0x000000008a300000, 0x000000008a400000, 0x000000008a400000|100%| E|  |TAMS 0x000000008a300000, 0x000000008a300000| Complete 
| 152|0x000000008a400000, 0x000000008a500000, 0x000000008a500000|100%| E|CS|TAMS 0x000000008a400000, 0x000000008a400000| Complete 
| 153|0x000000008a500000, 0x000000008a600000, 0x000000008a600000|100%| E|CS|TAMS 0x000000008a500000, 0x000000008a500000| Complete 
| 154|0x000000008a600000, 0x000000008a700000, 0x000000008a700000|100%| E|CS|TAMS 0x000000008a600000, 0x000000008a600000| Complete 
| 155|0x000000008a700000, 0x000000008a800000, 0x000000008a800000|100%| E|CS|TAMS 0x000000008a700000, 0x000000008a700000| Complete 
| 156|0x000000008a800000, 0x000000008a900000, 0x000000008a900000|100%| E|CS|TAMS 0x000000008a800000, 0x000000008a800000| Complete 
| 157|0x000000008a900000, 0x000000008aa00000, 0x000000008aa00000|100%| E|CS|TAMS 0x000000008a900000, 0x000000008a900000| Complete 
| 158|0x000000008aa00000, 0x000000008ab00000, 0x000000008ab00000|100%| E|CS|TAMS 0x000000008aa00000, 0x000000008aa00000| Complete 
| 159|0x000000008ab00000, 0x000000008ac00000, 0x000000008ac00000|100%| E|CS|TAMS 0x000000008ab00000, 0x000000008ab00000| Complete 
| 160|0x000000008ac00000, 0x000000008ad00000, 0x000000008ad00000|100%| E|CS|TAMS 0x000000008ac00000, 0x000000008ac00000| Complete 
| 161|0x000000008ad00000, 0x000000008ae00000, 0x000000008ae00000|100%| E|CS|TAMS 0x000000008ad00000, 0x000000008ad00000| Complete 
| 162|0x000000008ae00000, 0x000000008af00000, 0x000000008af00000|100%| E|CS|TAMS 0x000000008ae00000, 0x000000008ae00000| Complete 
| 163|0x000000008af00000, 0x000000008b000000, 0x000000008b000000|100%| E|CS|TAMS 0x000000008af00000, 0x000000008af00000| Complete 
| 164|0x000000008b000000, 0x000000008b100000, 0x000000008b100000|100%| E|CS|TAMS 0x000000008b000000, 0x000000008b000000| Complete 
| 165|0x000000008b100000, 0x000000008b200000, 0x000000008b200000|100%| E|CS|TAMS 0x000000008b100000, 0x000000008b100000| Complete 
| 166|0x000000008b200000, 0x000000008b300000, 0x000000008b300000|100%| E|CS|TAMS 0x000000008b200000, 0x000000008b200000| Complete 
| 167|0x000000008b300000, 0x000000008b400000, 0x000000008b400000|100%| E|CS|TAMS 0x000000008b300000, 0x000000008b300000| Complete 
| 168|0x000000008b400000, 0x000000008b500000, 0x000000008b500000|100%| E|CS|TAMS 0x000000008b400000, 0x000000008b400000| Complete 
| 169|0x000000008b500000, 0x000000008b600000, 0x000000008b600000|100%| E|CS|TAMS 0x000000008b500000, 0x000000008b500000| Complete 
| 170|0x000000008b600000, 0x000000008b700000, 0x000000008b700000|100%| E|CS|TAMS 0x000000008b600000, 0x000000008b600000| Complete 
| 171|0x000000008b700000, 0x000000008b800000, 0x000000008b800000|100%| E|CS|TAMS 0x000000008b700000, 0x000000008b700000| Complete 
| 172|0x000000008b800000, 0x000000008b900000, 0x000000008b900000|100%| E|CS|TAMS 0x000000008b800000, 0x000000008b800000| Complete 
| 173|0x000000008b900000, 0x000000008ba00000, 0x000000008ba00000|100%| E|CS|TAMS 0x000000008b900000, 0x000000008b900000| Complete 
| 174|0x000000008ba00000, 0x000000008bb00000, 0x000000008bb00000|100%| E|CS|TAMS 0x000000008ba00000, 0x000000008ba00000| Complete 
| 175|0x000000008bb00000, 0x000000008bc00000, 0x000000008bc00000|100%| E|CS|TAMS 0x000000008bb00000, 0x000000008bb00000| Complete 
| 176|0x000000008bc00000, 0x000000008bd00000, 0x000000008bd00000|100%| E|CS|TAMS 0x000000008bc00000, 0x000000008bc00000| Complete 
| 177|0x000000008bd00000, 0x000000008be00000, 0x000000008be00000|100%| E|CS|TAMS 0x000000008bd00000, 0x000000008bd00000| Complete 
| 178|0x000000008be00000, 0x000000008bf00000, 0x000000008bf00000|100%| E|CS|TAMS 0x000000008be00000, 0x000000008be00000| Complete 
| 179|0x000000008bf00000, 0x000000008c000000, 0x000000008c000000|100%| E|CS|TAMS 0x000000008bf00000, 0x000000008bf00000| Complete 
| 180|0x000000008c000000, 0x000000008c100000, 0x000000008c100000|100%| E|CS|TAMS 0x000000008c000000, 0x000000008c000000| Complete 
| 181|0x000000008c100000, 0x000000008c200000, 0x000000008c200000|100%| E|CS|TAMS 0x000000008c100000, 0x000000008c100000| Complete 
| 182|0x000000008c200000, 0x000000008c300000, 0x000000008c300000|100%| E|CS|TAMS 0x000000008c200000, 0x000000008c200000| Complete 
| 183|0x000000008c300000, 0x000000008c400000, 0x000000008c400000|100%| E|CS|TAMS 0x000000008c300000, 0x000000008c300000| Complete 
| 184|0x000000008c400000, 0x000000008c500000, 0x000000008c500000|100%| E|CS|TAMS 0x000000008c400000, 0x000000008c400000| Complete 

Card table byte_map: [0x000000001a520000,0x000000001a920000] _byte_map_base: 0x000000001a11a000

Marking Bits (Prev, Next): (CMBitMap*) 0x0000000000326c48, (CMBitMap*) 0x0000000000326c80
 Prev Bits: [0x000000001ad20000, 0x000000001ccf0000)
 Next Bits: [0x000000001ccf0000, 0x000000001ecc0000)

Polling page: 0x0000000000120000

Metaspace:

Usage:
  Non-class:     35.97 MB capacity,    35.32 MB ( 98%) used,   539.37 KB (  1%) free+waste,   129.19 KB ( <1%) overhead. 
      Class:      4.98 MB capacity,     4.54 MB ( 91%) used,   387.45 KB (  8%) free+waste,    59.31 KB (  1%) overhead. 
       Both:     40.95 MB capacity,    39.86 MB ( 97%) used,   926.81 KB (  2%) free+waste,   188.50 KB ( <1%) overhead. 

Virtual space:
  Non-class space:       38.00 MB reserved,      36.21 MB ( 95%) committed 
      Class space:        1.00 GB reserved,       5.00 MB ( <1%) committed 
             Both:        1.04 GB reserved,      41.20 MB (  4%) committed 

Chunk freelists:
   Non-Class:  0 bytes
       Class:  0 bytes
        Both:  0 bytes

CodeHeap 'non-profiled nmethods': size=120064Kb used=2691Kb max_used=2691Kb free=117372Kb
 bounds [0x0000000012540000, 0x00000000127f0000, 0x0000000019a80000]
CodeHeap 'profiled nmethods': size=120000Kb used=10704Kb max_used=10704Kb free=109295Kb
 bounds [0x000000000b010000, 0x000000000ba90000, 0x0000000012540000]
CodeHeap 'non-nmethods': size=5696Kb used=1214Kb max_used=1331Kb free=4481Kb
 bounds [0x000000000aa80000, 0x000000000acf0000, 0x000000000b010000]
 total_blobs=5710 nmethods=4216 adapters=378
 compilation: enabled
              stopped_count=0, restarted_count=0
 full_count=0

Compilation events (10 events):
Event: 14.158 Thread 0x00000000622f8000 nmethod 4459 0x00000000127e0390 code [0x00000000127e0540, 0x00000000127e0658]
Event: 14.159 Thread 0x00000000622f8000 4461       1       sun.reflect.generics.tree.MethodTypeSignature::getParameterTypes (5 bytes)
Event: 14.159 Thread 0x00000000622f8000 nmethod 4461 0x00000000127e0710 code [0x00000000127e08c0, 0x00000000127e09d8]
Event: 14.178 Thread 0x00000000622f8000 4463       2       java.util.HashSet::<init> (17 bytes)
Event: 14.179 Thread 0x00000000622f8000 nmethod 4463 0x000000000ba86b90 code [0x000000000ba86d80, 0x000000000ba86fd0]
Event: 14.181 Thread 0x00000000622f8000 4464       2       com.sun.beans.util.Cache$Kind$2::create (27 bytes)
Event: 14.182 Thread 0x00000000622f8000 nmethod 4464 0x000000000ba87110 code [0x000000000ba872e0, 0x000000000ba876b0]
Event: 14.182 Thread 0x00000000622f8000 4465       2       com.sun.beans.util.Cache$Kind$Soft::<init> (12 bytes)
Event: 14.183 Thread 0x00000000622f8000 nmethod 4465 0x000000000ba87810 code [0x000000000ba879c0, 0x000000000ba87c58]
Event: 14.213 Thread 0x00000000622f8000 4468       2       org.springframework.util.ReflectionUtils$$Lambda$396/0x0000000021d98040::get$Lambda (9 bytes)

GC Heap History (10 events):
Event: 5.432 GC heap before
{Heap before GC invocations=6 (full 0):
 garbage-first heap   total 131072K, used 78957K [0x0000000080c00000, 0x0000000100000000)
  region size 1024K, 72 young (73728K), 3 survivors (3072K)
 Metaspace       used 26402K, capacity 26988K, committed 27260K, reserved 1073152K
  class space    used 2853K, capacity 3068K, committed 3196K, reserved 1048576K
}
Event: 5.445 GC heap after
{Heap after GC invocations=7 (full 0):
 garbage-first heap   total 157696K, used 9982K [0x0000000080c00000, 0x0000000100000000)
  region size 1024K, 5 young (5120K), 5 survivors (5120K)
 Metaspace       used 26402K, capacity 26988K, committed 27260K, reserved 1073152K
  class space    used 2853K, capacity 3068K, committed 3196K, reserved 1048576K
}
Event: 6.632 GC heap before
{Heap before GC invocations=7 (full 0):
 garbage-first heap   total 157696K, used 95998K [0x0000000080c00000, 0x0000000100000000)
  region size 1024K, 90 young (92160K), 5 survivors (5120K)
 Metaspace       used 27793K, capacity 28388K, committed 28668K, reserved 1075200K
  class space    used 2992K, capacity 3226K, committed 3324K, reserved 1048576K
}
Event: 6.642 GC heap after
{Heap after GC invocations=8 (full 0):
 garbage-first heap   total 157696K, used 11136K [0x0000000080c00000, 0x0000000100000000)
  region size 1024K, 6 young (6144K), 6 survivors (6144K)
 Metaspace       used 27793K, capacity 28388K, committed 28668K, reserved 1075200K
  class space    used 2992K, capacity 3226K, committed 3324K, reserved 1048576K
}
Event: 8.002 GC heap before
{Heap before GC invocations=8 (full 0):
 garbage-first heap   total 157696K, used 99200K [0x0000000080c00000, 0x0000000100000000)
  region size 1024K, 92 young (94208K), 6 survivors (6144K)
 Metaspace       used 29491K, capacity 30168K, committed 30460K, reserved 1077248K
  class space    used 3189K, capacity 3452K, committed 3580K, reserved 1048576K
}
Event: 8.018 GC heap after
{Heap after GC invocations=9 (full 0):
 garbage-first heap   total 157696K, used 12030K [0x0000000080c00000, 0x0000000100000000)
  region size 1024K, 7 young (7168K), 7 survivors (7168K)
 Metaspace       used 29491K, capacity 30168K, committed 30460K, reserved 1077248K
  class space    used 3189K, capacity 3452K, committed 3580K, reserved 1048576K
}
Event: 10.980 GC heap before
{Heap before GC invocations=9 (full 0):
 garbage-first heap   total 157696K, used 94974K [0x0000000080c00000, 0x0000000100000000)
  region size 1024K, 89 young (91136K), 7 survivors (7168K)
 Metaspace       used 35077K, capacity 35936K, committed 36048K, reserved 1081344K
  class space    used 3954K, capacity 4318K, committed 4348K, reserved 1048576K
}
Event: 11.016 GC heap after
{Heap after GC invocations=10 (full 0):
 garbage-first heap   total 157696K, used 14416K [0x0000000080c00000, 0x0000000100000000)
  region size 1024K, 9 young (9216K), 9 survivors (9216K)
 Metaspace       used 35077K, capacity 35936K, committed 36048K, reserved 1081344K
  class space    used 3954K, capacity 4318K, committed 4348K, reserved 1048576K
}
Event: 12.695 GC heap before
{Heap before GC invocations=11 (full 0):
 garbage-first heap   total 157696K, used 98384K [0x0000000080c00000, 0x0000000100000000)
  region size 1024K, 92 young (94208K), 9 survivors (9216K)
 Metaspace       used 38414K, capacity 39513K, committed 39632K, reserved 1083392K
  class space    used 4361K, capacity 4827K, committed 4860K, reserved 1048576K
}
Event: 12.723 GC heap after
{Heap after GC invocations=12 (full 0):
 garbage-first heap   total 189440K, used 16970K [0x0000000080c00000, 0x0000000100000000)
  region size 1024K, 9 young (9216K), 9 survivors (9216K)
 Metaspace       used 38414K, capacity 39513K, committed 39632K, reserved 1083392K
  class space    used 4361K, capacity 4827K, committed 4860K, reserved 1048576K
}

Deoptimization events (10 events):
Event: 11.765 Thread 0x0000000064f69000 Uncommon trap: reason=unstable_if action=reinterpret pc=0x00000000126cba64 method=java.util.LinkedHashMap.get(Ljava/lang/Object;)Ljava/lang/Object; @ 20 c2
Event: 12.346 Thread 0x0000000064f69000 Uncommon trap: reason=unstable_if action=reinterpret pc=0x00000000127a7f10 method=java.util.Properties.loadConvert([CIILjava/lang/StringBuilder;)Ljava/lang/String; @ 130 c2
Event: 12.346 Thread 0x0000000064f69000 Uncommon trap: reason=unstable_if action=reinterpret pc=0x00000000125a4af8 method=java.lang.StringBuilder.toString()Ljava/lang/String; @ 4 c2
Event: 12.590 Thread 0x0000000064f69000 Uncommon trap: reason=unstable_if action=reinterpret pc=0x00000000126c5984 method=java.util.jar.JarFile.maybeInstantiateVerifier()V @ 91 c2
Event: 12.592 Thread 0x0000000064f69000 Uncommon trap: reason=class_check action=maybe_recompile pc=0x0000000012593c48 method=java.util.jar.JarFile.getJarEntry(Ljava/lang/String;)Ljava/util/jar/JarEntry; @ 2 c2
Event: 12.592 Thread 0x0000000064f69000 Uncommon trap: reason=class_check action=maybe_recompile pc=0x0000000012593c48 method=java.util.jar.JarFile.getJarEntry(Ljava/lang/String;)Ljava/util/jar/JarEntry; @ 2 c2
Event: 12.592 Thread 0x0000000064f69000 Uncommon trap: reason=class_check action=maybe_recompile pc=0x0000000012593c48 method=java.util.jar.JarFile.getJarEntry(Ljava/lang/String;)Ljava/util/jar/JarEntry; @ 2 c2
Event: 12.603 Thread 0x0000000064f69000 Uncommon trap: reason=class_check action=maybe_recompile pc=0x0000000012593c48 method=java.util.jar.JarFile.getJarEntry(Ljava/lang/String;)Ljava/util/jar/JarEntry; @ 2 c2
Event: 12.768 Thread 0x0000000064f69000 Uncommon trap: reason=null_check action=make_not_entrant pc=0x00000000126b8254 method=java.net.URL.getURLStreamHandler(Ljava/lang/String;)Ljava/net/URLStreamHandler; @ 7 c2
Event: 13.108 Thread 0x0000000064f69000 Uncommon trap: reason=unstable_if action=reinterpret pc=0x0000000012678878 method=java.util.concurrent.ConcurrentHashMap.get(Ljava/lang/Object;)Ljava/lang/Object; @ 152 c2

Classes redefined (0 events):
No events

Internal exceptions (10 events):
Event: 14.184 Thread 0x0000000064f69000 Exception <a 'java/lang/ClassNotFoundException'{0x00000000873ee820}: java/util/concurrent/ExecutorCustomizer> (0x00000000873ee820) thrown at [t:/workspace/open/src/hotspot/share/classfile/systemDictionary.cpp, line 231]
Event: 14.186 Thread 0x0000000064f69000 Exception <a 'java/lang/ClassNotFoundException'{0x00000000873fecf8}: org/springframework/scheduling/SchedulingTaskExecutorCustomizer> (0x00000000873fecf8) thrown at [t:/workspace/open/src/hotspot/share/classfile/systemDictionary.cpp, line 231]
Event: 14.188 Thread 0x0000000064f69000 Exception <a 'java/lang/ClassNotFoundException'{0x000000008720e918}: org/springframework/core/task/AsyncTaskExecutorCustomizer> (0x000000008720e918) thrown at [t:/workspace/open/src/hotspot/share/classfile/systemDictionary.cpp, line 231]
Event: 14.190 Thread 0x0000000064f69000 Exception <a 'java/lang/ClassNotFoundException'{0x000000008721e950}: org/springframework/core/task/TaskExecutorCustomizer> (0x000000008721e950) thrown at [t:/workspace/open/src/hotspot/share/classfile/systemDictionary.cpp, line 231]
Event: 14.191 Thread 0x0000000064f69000 Exception <a 'java/lang/ClassNotFoundException'{0x0000000087221e70}: java/util/concurrent/ExecutorCustomizer> (0x0000000087221e70) thrown at [t:/workspace/open/src/hotspot/share/classfile/systemDictionary.cpp, line 231]
Event: 14.192 Thread 0x0000000064f69000 Exception <a 'java/lang/ClassNotFoundException'{0x0000000087231148}: org/springframework/beans/factory/BeanNameAwareCustomizer> (0x0000000087231148) thrown at [t:/workspace/open/src/hotspot/share/classfile/systemDictionary.cpp, line 231]
Event: 14.194 Thread 0x0000000064f69000 Exception <a 'java/lang/ClassNotFoundException'{0x000000008723fcd8}: org/springframework/beans/factory/AwareCustomizer> (0x000000008723fcd8) thrown at [t:/workspace/open/src/hotspot/share/classfile/systemDictionary.cpp, line 231]
Event: 14.196 Thread 0x0000000064f69000 Exception <a 'java/lang/ClassNotFoundException'{0x000000008724f030}: org/springframework/beans/factory/InitializingBeanCustomizer> (0x000000008724f030) thrown at [t:/workspace/open/src/hotspot/share/classfile/systemDictionary.cpp, line 231]
Event: 14.198 Thread 0x0000000064f69000 Exception <a 'java/lang/ClassNotFoundException'{0x000000008725e628}: org/springframework/beans/factory/DisposableBeanCustomizer> (0x000000008725e628) thrown at [t:/workspace/open/src/hotspot/share/classfile/systemDictionary.cpp, line 231]
Event: 14.199 Thread 0x0000000064f69000 Exception <a 'java/lang/ClassNotFoundException'{0x0000000087261c78}: java/util/concurrent/ThreadFactoryCustomizer> (0x0000000087261c78) thrown at [t:/workspace/open/src/hotspot/share/classfile/systemDictionary.cpp, line 231]

Events (10 events):
Event: 14.200 Thread 0x0000000064f69000 DEOPT PACKING pc=0x000000000b733f8c sp=0x0000000065ff9d50
Event: 14.200 Thread 0x0000000064f69000 DEOPT UNPACKING pc=0x000000000aabd2ce sp=0x0000000065ff9288 mode 1
Event: 14.200 Thread 0x0000000064f69000 DEOPT PACKING pc=0x000000000b733f8c sp=0x0000000065ff9d50
Event: 14.200 Thread 0x0000000064f69000 DEOPT UNPACKING pc=0x000000000aabd2ce sp=0x0000000065ff9288 mode 1
Event: 14.200 Thread 0x0000000064f69000 DEOPT PACKING pc=0x000000000b733f8c sp=0x0000000065ff9d50
Event: 14.200 Thread 0x0000000064f69000 DEOPT UNPACKING pc=0x000000000aabd2ce sp=0x0000000065ff9288 mode 1
Event: 14.200 Thread 0x0000000064f69000 DEOPT PACKING pc=0x000000000b733f8c sp=0x0000000065ff9d50
Event: 14.200 Thread 0x0000000064f69000 DEOPT UNPACKING pc=0x000000000aabd2ce sp=0x0000000065ff9288 mode 1
Event: 14.201 Thread 0x0000000064f69000 DEOPT PACKING pc=0x000000000b733f8c sp=0x0000000065ff9d50
Event: 14.201 Thread 0x0000000064f69000 DEOPT UNPACKING pc=0x000000000aabd2ce sp=0x0000000065ff9288 mode 1


Dynamic libraries:
0x000000013f570000 - 0x000000013f5b7000 	C:\Program Files\Java\jdk-11.0.5\bin\javaw.exe
0x0000000076d70000 - 0x0000000076f0f000 	C:\Windows\SYSTEM32\ntdll.dll
0x0000000076b50000 - 0x0000000076c6f000 	C:\Windows\system32\kernel32.dll
0x000007fefcab0000 - 0x000007fefcb17000 	C:\Windows\system32\KERNELBASE.dll
0x000007fefe0a0000 - 0x000007fefe17b000 	C:\Windows\system32\ADVAPI32.dll
0x000007fefee30000 - 0x000007fefeecf000 	C:\Windows\system32\msvcrt.dll
0x000007fefecc0000 - 0x000007fefecdf000 	C:\Windows\SYSTEM32\sechost.dll
0x000007fefeed0000 - 0x000007fefeffc000 	C:\Windows\system32\RPCRT4.dll
0x0000000076c70000 - 0x0000000076d6b000 	C:\Windows\system32\USER32.dll
0x000007fefecf0000 - 0x000007fefed57000 	C:\Windows\system32\GDI32.dll
0x000007fefe830000 - 0x000007fefe83e000 	C:\Windows\system32\LPK.dll
0x000007fefed60000 - 0x000007fefee2b000 	C:\Windows\system32\USP10.dll
0x000007fefaea0000 - 0x000007fefb095000 	C:\Windows\WinSxS\amd64_microsoft.windows.common-controls_6595b64144ccf1df_6.0.7601.24483_none_e372d88f30fbb845\COMCTL32.dll
0x000007fefe840000 - 0x000007fefe8b1000 	C:\Windows\system32\SHLWAPI.dll
0x000007fefb9a0000 - 0x000007fefb9ac000 	C:\Windows\system32\VERSION.dll
0x000007fefebb0000 - 0x000007fefebde000 	C:\Windows\system32\IMM32.DLL
0x000007fefeaa0000 - 0x000007fefebab000 	C:\Windows\system32\MSCTF.dll
0x000007fef9260000 - 0x000007fef9263000 	C:\Windows\system32\api-ms-win-core-synch-l1-2-0.DLL
0x000007fef0fb0000 - 0x000007fef0fc6000 	C:\Program Files\Java\jdk-11.0.5\bin\vcruntime140.dll
0x000007feebe80000 - 0x000007feebe84000 	C:\Program Files\Java\jdk-11.0.5\bin\api-ms-win-crt-runtime-l1-1-0.dll
0x000007fedf1c0000 - 0x000007fedf2b6000 	C:\Program Files\Java\jdk-11.0.5\bin\ucrtbase.DLL
0x000007fee5d40000 - 0x000007fee5d43000 	C:\Program Files\Java\jdk-11.0.5\bin\api-ms-win-core-localization-l1-2-0.dll
0x000007fee5d30000 - 0x000007fee5d33000 	C:\Program Files\Java\jdk-11.0.5\bin\api-ms-win-core-processthreads-l1-1-1.dll
0x000007fee5d20000 - 0x000007fee5d23000 	C:\Program Files\Java\jdk-11.0.5\bin\api-ms-win-core-file-l1-2-0.dll
0x000007fee5d10000 - 0x000007fee5d13000 	C:\Program Files\Java\jdk-11.0.5\bin\api-ms-win-core-timezone-l1-1-0.dll
0x000007fee5d00000 - 0x000007fee5d03000 	C:\Program Files\Java\jdk-11.0.5\bin\api-ms-win-core-file-l2-1-0.dll
0x000007fee5cf0000 - 0x000007fee5cf4000 	C:\Program Files\Java\jdk-11.0.5\bin\api-ms-win-crt-string-l1-1-0.dll
0x000007fee5cd0000 - 0x000007fee5cd3000 	C:\Program Files\Java\jdk-11.0.5\bin\api-ms-win-crt-heap-l1-1-0.dll
0x000007fee5cc0000 - 0x000007fee5cc4000 	C:\Program Files\Java\jdk-11.0.5\bin\api-ms-win-crt-stdio-l1-1-0.dll
0x000007fee5cb0000 - 0x000007fee5cb4000 	C:\Program Files\Java\jdk-11.0.5\bin\api-ms-win-crt-convert-l1-1-0.dll
0x000007fed3130000 - 0x000007fed31da000 	C:\Program Files\Java\jdk-11.0.5\bin\msvcp140.dll
0x000007fee5ca0000 - 0x000007fee5ca3000 	C:\Program Files\Java\jdk-11.0.5\bin\api-ms-win-crt-locale-l1-1-0.dll
0x000007fedfd40000 - 0x000007fedfd45000 	C:\Program Files\Java\jdk-11.0.5\bin\api-ms-win-crt-math-l1-1-0.dll
0x000007fedfd30000 - 0x000007fedfd35000 	C:\Program Files\Java\jdk-11.0.5\bin\api-ms-win-crt-multibyte-l1-1-0.dll
0x000007fedfd20000 - 0x000007fedfd23000 	C:\Program Files\Java\jdk-11.0.5\bin\api-ms-win-crt-time-l1-1-0.dll
0x000007fedfd10000 - 0x000007fedfd13000 	C:\Program Files\Java\jdk-11.0.5\bin\api-ms-win-crt-filesystem-l1-1-0.dll
0x000007fedfd00000 - 0x000007fedfd03000 	C:\Program Files\Java\jdk-11.0.5\bin\api-ms-win-crt-environment-l1-1-0.dll
0x000007fedfc40000 - 0x000007fedfc43000 	C:\Program Files\Java\jdk-11.0.5\bin\api-ms-win-crt-utility-l1-1-0.dll
0x000007fecb840000 - 0x000007fecc368000 	C:\Program Files\Java\jdk-11.0.5\bin\server\jvm.dll
0x000007fef7260000 - 0x000007fef7269000 	C:\Windows\system32\WSOCK32.dll
0x000007fefcf70000 - 0x000007fefcfbd000 	C:\Windows\system32\WS2_32.dll
0x000007fefece0000 - 0x000007fefece8000 	C:\Windows\system32\NSI.dll
0x000007fef7360000 - 0x000007fef739b000 	C:\Windows\system32\WINMM.dll
0x0000000076f10000 - 0x0000000076f17000 	C:\Windows\system32\PSAPI.DLL
0x000007fedfc20000 - 0x000007fedfc31000 	C:\Program Files\Java\jdk-11.0.5\bin\verify.dll
0x000007fef9270000 - 0x000007fef9395000 	C:\Windows\system32\DBGHELP.DLL
0x000007fedfbf0000 - 0x000007fedfc19000 	C:\Program Files\Java\jdk-11.0.5\bin\java.dll
0x000007fed4b20000 - 0x000007fed4b57000 	C:\Program Files\Java\jdk-11.0.5\bin\jdwp.dll
0x000007fed4d70000 - 0x000007fed4d9f000 	C:\Program Files\Java\jdk-11.0.5\bin\instrument.dll
0x000007fedf1a0000 - 0x000007fedf1b6000 	C:\Program Files\Java\jdk-11.0.5\bin\zip.dll
0x000007fedfbe0000 - 0x000007fedfbea000 	C:\Program Files\Java\jdk-11.0.5\bin\jimage.dll
0x000007fefcfc0000 - 0x000007fefdd4b000 	C:\Windows\system32\SHELL32.dll
0x000007fefe180000 - 0x000007fefe37f000 	C:\Windows\system32\ole32.dll
0x000007fefc8d0000 - 0x000007fefc8df000 	C:\Windows\system32\profapi.dll
0x000007fee5ce0000 - 0x000007fee5cea000 	C:\Program Files\Java\jdk-11.0.5\bin\dt_socket.dll
0x000007fefc000000 - 0x000007fefc055000 	C:\Windows\System32\mswsock.dll
0x000007fefbe80000 - 0x000007fefbedb000 	C:\Windows\system32\DNSAPI.dll
0x000007fefa330000 - 0x000007fefa357000 	C:\Windows\system32\IPHLPAPI.DLL
0x000007fefa320000 - 0x000007fefa32b000 	C:\Windows\system32\WINNSI.DLL
0x000007fefa1a0000 - 0x000007fefa1f3000 	C:\Windows\System32\fwpuclnt.dll
0x000007fef89b0000 - 0x000007fef89b8000 	C:\Windows\system32\rasadhlp.dll
0x000007fefbff0000 - 0x000007fefbff7000 	C:\Windows\System32\wship6.dll
0x000007fefba70000 - 0x000007fefba77000 	C:\Windows\System32\wshtcpip.dll
0x000007fedf120000 - 0x000007fedf139000 	C:\Program Files\Java\jdk-11.0.5\bin\net.dll
0x000007fef6ab0000 - 0x000007fef6b21000 	C:\Windows\system32\WINHTTP.dll
0x000007fef66d0000 - 0x000007fef6735000 	C:\Windows\system32\webio.dll
0x000007fedec40000 - 0x000007fedec53000 	C:\Program Files\Java\jdk-11.0.5\bin\nio.dll
0x000007fedf190000 - 0x000007fedf199000 	C:\Program Files\Java\jdk-11.0.5\bin\management.dll
0x000007fedf0b0000 - 0x000007fedf0bc000 	C:\Program Files\Java\jdk-11.0.5\bin\management_ext.dll
0x000007fefabd0000 - 0x000007fefabe5000 	C:\Windows\system32\NLAapi.dll
0x000007fef78a0000 - 0x000007fef78b5000 	C:\Windows\system32\napinsp.dll
0x000007fef7880000 - 0x000007fef7899000 	C:\Windows\system32\pnrpnsp.dll
0x000007fee3240000 - 0x000007fee324b000 	C:\Windows\System32\winrnr.dll
0x000007fee3230000 - 0x000007fee3240000 	C:\Windows\system32\wshbth.dll
0x000007fefc060000 - 0x000007fefc078000 	C:\Windows\system32\CRYPTSP.dll
0x000007fefbd60000 - 0x000007fefbda7000 	C:\Windows\system32\rsaenh.dll
0x000007fefcb80000 - 0x000007fefcb9f000 	C:\Windows\system32\USERENV.dll
0x000007fefc720000 - 0x000007fefc72f000 	C:\Windows\system32\CRYPTBASE.dll
0x000007fefa120000 - 0x000007fefa138000 	C:\Windows\system32\dhcpcsvc.DLL
0x000007fef9fe0000 - 0x000007fef9ff1000 	C:\Windows\system32\dhcpcsvc6.DLL

dbghelp: loaded successfully - version: 4.0.5 - missing functions: none
symbol engine: initialized successfully - sym options: 0x614 - pdb path: .;C:\Program Files\Java\jdk-11.0.5\bin;C:\Windows\SYSTEM32;C:\Windows\WinSxS\amd64_microsoft.windows.common-controls_6595b64144ccf1df_6.0.7601.24483_none_e372d88f30fbb845;C:\Program Files\Java\jdk-11.0.5\bin\server

VM Arguments:
jvm_args: -agentlib:jdwp=transport=dt_socket,suspend=y,address=localhost:55650 -javaagent:C:\Program Files\sts-4.5.0\configuration\org.eclipse.osgi\818\0\.cp\lib\javaagent-shaded.jar -Dfile.encoding=UTF-8 
java_command: com.silvio.plataforma.PlataformaVendaCarrosApplication
java_class_path (initial): C:\Users\silvio\workspace-spring-tool\plataforma-venda-carros\Backend\target\classes;C:\Users\silvio\.m2\repository\javax\validation\validation-api\2.0.1.Final\validation-api-2.0.1.Final.jar;C:\Users\silvio\.m2\repository\org\springframework\boot\spring-boot-starter-data-jpa\2.3.1.RELEASE\spring-boot-starter-data-jpa-2.3.1.RELEASE.jar;C:\Users\silvio\.m2\repository\org\springframework\boot\spring-boot-starter-aop\2.3.1.RELEASE\spring-boot-starter-aop-2.3.1.RELEASE.jar;C:\Users\silvio\.m2\repository\org\aspectj\aspectjweaver\1.9.5\aspectjweaver-1.9.5.jar;C:\Users\silvio\.m2\repository\org\springframework\boot\spring-boot-starter-jdbc\2.3.1.RELEASE\spring-boot-starter-jdbc-2.3.1.RELEASE.jar;C:\Users\silvio\.m2\repository\com\zaxxer\HikariCP\3.4.5\HikariCP-3.4.5.jar;C:\Users\silvio\.m2\repository\org\springframework\spring-jdbc\5.2.7.RELEASE\spring-jdbc-5.2.7.RELEASE.jar;C:\Users\silvio\.m2\repository\jakarta\transaction\jakarta.transaction-api\1.3.3\jakarta.transaction-api-1.3.3.jar;C:\Users\silvio\.m2\repository\jakarta\persistence\jakarta.persistence-api\2.2.3\jakarta.persistence-api-2.2.3.jar;C:\Users\silvio\.m2\repository\org\hibernate\hibernate-core\5.4.17.Final\hibernate-core-5.4.17.Final.jar;C:\Users\silvio\.m2\repository\org\jboss\logging\jboss-logging\3.4.1.Final\jboss-logging-3.4.1.Final.jar;C:\Users\silvio\.m2\repository\org\javassist\javassist\3.24.0-GA\javassist-3.24.0-GA.jar;C:\Users\silvio\.m2\repository\net\bytebuddy\byte-buddy\1.10.11\byte-buddy-1.10.11.jar;C:\Users\silvio\.m2\repository\antlr\antlr\2.7.7\antlr-2.7.7.jar;C:\Users\silvio\.m2\repository\org\jboss\jandex\2.1.3.Final\jandex-2.1.3.Final.jar;C:\Users\silvio\.m2\repository\com\fasterxml\classmate\1.5.1\classmate-1.5.1.jar;C:\Users\silvio\.m2\repository\org\dom4j\dom4j\2.1.3\dom4j-2.1.3.jar;C:\Users\silvio\.m2\repository\org\hibernate\common\hibernate-commons-annotations\5.1.0.Final\hibernate-commons-annotations-5.1.0.Final.jar;C:\Users\silvio\.m2\repository\org\g
Launcher Type: SUN_STANDARD

[Global flags]
     intx CICompilerCount                          = 3                                         {product} {ergonomic}
     uint ConcGCThreads                            = 1                                         {product} {ergonomic}
     uint G1ConcRefinementThreads                  = 4                                         {product} {ergonomic}
   size_t G1HeapRegionSize                         = 1048576                                   {product} {ergonomic}
    uintx GCDrainStackTargetSize                   = 64                                        {product} {ergonomic}
   size_t InitialHeapSize                          = 134217728                                 {product} {ergonomic}
   size_t MarkStackSize                            = 4194304                                   {product} {ergonomic}
   size_t MaxHeapSize                              = 2134900736                                {product} {ergonomic}
   size_t MaxNewSize                               = 1280311296                                {product} {ergonomic}
   size_t MinHeapDeltaBytes                        = 1048576                                   {product} {ergonomic}
    uintx NonNMethodCodeHeapSize                   = 5830732                                {pd product} {ergonomic}
    uintx NonProfiledCodeHeapSize                  = 122913754                              {pd product} {ergonomic}
    uintx ProfiledCodeHeapSize                     = 122913754                              {pd product} {ergonomic}
    uintx ReservedCodeCacheSize                    = 251658240                              {pd product} {ergonomic}
     bool SegmentedCodeCache                       = true                                      {product} {ergonomic}
     bool UseCompressedClassPointers               = true                                 {lp64_product} {ergonomic}
     bool UseCompressedOops                        = true                                 {lp64_product} {ergonomic}
     bool UseG1GC                                  = true                                      {product} {ergonomic}
     bool UseLargePagesIndividualAllocation        = false                                  {pd product} {ergonomic}

Logging:
Log output configuration:
 #0: stdout all=warning uptime,level,tags
 #1: stderr all=off uptime,level,tags

Environment Variables:
JAVA_HOME=C:\Program Files\Java\jdk1.8.0_251
JRE_HOME=C:\Program Files\Java\jre1.8.0_251
PATH=C:/Program Files/Java/jdk1.8.0_251/bin/../jre/bin/server;C:/Program Files/Java/jdk1.8.0_251/bin/../jre/bin;C:/Program Files/Java/jdk1.8.0_251/bin/../jre/lib/amd64;C:\Program Files\Java\jdk1.8.0_251\bin;C:\Program Files (x86)\Common Files\Oracle\Java\javapath;C:\Windows\system32;C:\Windows;C:\Windows\System32\Wbem;C:\Windows\System32\WindowsPowerShell\v1.0\;C:\PROGRA~2\E!PC;C:\Program Files\Git\cmd;C:\Program Files\nodejs\;C:\Windows\System32\WindowsPowerShell\v1.0;C:\Windows\System32\WindowsPowerShell\v1.0\;C:\Program Files\nodejs;C:\Program Files\Java\jdk-11.0.5\bin;C:\Program Files\apache-maven-3.6.3/bin;C:\Windows\System32\WindowsPowerShell\v1.0;C:\Program Files\MySQL\MySQL Shell 8.0\bin\;C:\Users\silvio\AppData\Local\Programs\Microsoft VS Code\bin;C:\Users\silvio\AppData\Roaming\npm;C:\Program Files\JetBrains\IntelliJ IDEA 2019.3.3\bin;C:\Program Files\heroku\bin;C:\Users\silvio\AppData\Roaming\npm;C:\Users\silvio\gradle-6.5\bin;C:\Users\silvio\AppData\Local\Android\Sdk\emulator;C:\Users\silvio\AppData\Local\Android\Sdk\tools;C:\Users\silvio\AppData\Local\Android\Sdk\tools\bin;C:\Users\silvio\AppData\Local\Android\Sdk\platform-tools;C:\Program Files (x86)\Yarn\bin\;C:\Program Files\Java\jdk1.8.0_251\bin;C:\Users\silvio\AppData\Local\Programs\Microsoft VS Code\bin;C:\Users\silvio\AppData\Roaming\npm;C:\Program Files\JetBrains\IntelliJ IDEA 2019.3.3\bin;;C:\Program Files\heroku\bin;C:\Users\silvio\AppData\Roaming\npm;C:\Users\silvio\AppData\Local\Yarn\bin;C:\Program Files\sts-4.5.0;
USERNAME=silvio
OS=Windows_NT
PROCESSOR_IDENTIFIER=Intel64 Family 6 Model 42 Stepping 7, GenuineIntel



---------------  S Y S T E M  ---------------

OS: Windows 7 , 64 bit Build 7601 (6.1.7601.24545)

CPU:total 4 (initial active 4) (2 cores per cpu, 2 threads per core) family 6 model 42 stepping 7, cmov, cx8, fxsr, mmx, sse, sse2, sse3, ssse3, sse4.1, sse4.2, popcnt, avx, clmul, ht, tsc, tscinvbit

Memory: 4k page, system-wide physical 8139M (729M free)
TotalPageFile size 8138M (AvailPageFile size 4M)
current process WorkingSet (physical memory assigned to process): 366M, peak: 366M
current process commit charge ("private bytes"): 450M, peak: 450M

vm_info: Java HotSpot(TM) 64-Bit Server VM (11.0.5+10-LTS) for windows-amd64 JRE (11.0.5+10-LTS), built on Oct  6 2019 12:37:14 by "mach5one" with MS VC++ 15.5 (VS2017)

END.
